============================= test session starts =============================
platform win32 -- Python 3.12.10, pytest-9.1.1, pluggy-1.6.0 -- C:\brand plus\ocu26-dashboard\.venv\Scripts\python.exe
cachedir: .pytest_cache
rootdir: C:\brand plus\ocu26-dashboard
collecting ... collected 20 items

tests/test_build_tv1_dashboard.py::test_metric_status_preserved_in_production_output PASSED [  5%]
tests/test_build_tv1_dashboard.py::test_campanas_unchanged_by_apie_correction PASSED [ 10%]
tests/test_build_tv2_dashboard.py::test_tv1_pipeline_still_builds_successfully PASSED [ 15%]
tests/test_build_tv3_dashboard.py::test_reconciliacion_tv1_matches_tv1_estatico_scope PASSED [ 20%]
tests/test_build_tv3_dashboard.py::test_tv1_pipeline_still_builds_successfully PASSED [ 25%]
tests/test_build_tv4_dashboard.py::test_tv1_pipeline_still_builds_successfully PASSED [ 30%]
tests/test_build_tv4_dashboard.py::test_tv3_pipeline_still_builds_successfully PASSED [ 35%]
tests/test_build_tv5_dashboard.py::test_production_formato_lider_julio_is_punteras PASSED [ 40%]
tests/test_build_tv5_dashboard.py::test_production_formato_lider_junio_no_longer_ties PASSED [ 45%]
tests/test_build_tv5_dashboard.py::test_formato_lider_tie_resolved_by_elementos_activos_not_activaciones PASSED [ 50%]
tests/test_build_tv6_dashboard.py::test_kpi_cards_unchanged_julio_scope PASSED [ 55%]
tests/test_build_tv6_dashboard.py::test_universo_exposes_julio_and_hist_separately PASSED [ 60%]
tests/test_build_tv6_dashboard.py::test_rankings_use_accumulated_hist_scope_not_julio PASSED [ 65%]
tests/test_build_tv6_dashboard.py::test_matriz_row_sums_match_hist_not_julio PASSED [ 70%]
tests/test_build_tv6_dashboard.py::test_tv1_pipeline_still_builds_successfully PASSED [ 75%]
tests/test_build_tv6_dashboard.py::test_tv3_pipeline_still_builds_successfully PASSED [ 80%]
tests/test_build_tv6_dashboard.py::test_tv4_pipeline_still_builds_successfully PASSED [ 85%]
tests/test_export_data.py::test_25_idcampana_vacias_se_conservan_en_produccion PASSED [ 90%]
tests/test_export_data.py::test_bridge_volumen_produccion PASSED         [ 95%]
tests/test_export_data.py::test_fact_metricas_diaria_volumen_produccion PASSED [100%]

============================== warnings summary ===============================
tests/test_build_tv5_dashboard.py::test_production_formato_lider_julio_is_punteras
  C:\brand plus\ocu26-dashboard\.venv\Lib\site-packages\openpyxl\worksheet\_reader.py:329: UserWarning: Data Validation extension is not supported and will be removed
    warn(msg)

-- Docs: https://docs.pytest.org/en/stable/how-to/capture-warnings.html
================ 20 passed, 1 warning in 58140.21s (16:09:00) =================
